This is pdfTeX, Version 3.141592653-2.6-1.40.22 (TeX Live 2022/dev/Debian) (preloaded format=pdflatex 2024.6.21)  12 JUL 2024 12:23
entering extended mode
 restricted \write18 enabled.
 %&-line parsing enabled.
**precesija_Lune.tex
(./precesija_Lune.tex
LaTeX2e <2021-11-15> patch level 1
L3 programming layer <2022-01-21>
(/usr/share/texlive/texmf-dist/tex/latex/base/article.cls
Document Class: article 2021/10/04 v1.4n Standard LaTeX document class
(/usr/share/texlive/texmf-dist/tex/latex/base/size12.clo
File: size12.clo 2021/10/04 v1.4n Standard LaTeX file (size option)
)
\c@part=\count185
\c@section=\count186
\c@subsection=\count187
\c@subsubsection=\count188
\c@paragraph=\count189
\c@subparagraph=\count190
\c@figure=\count191
\c@table=\count192
\abovecaptionskip=\skip47
\belowcaptionskip=\skip48
\bibindent=\dimen138
)
(/usr/share/texlive/texmf-dist/tex/generic/babel/babel.sty
Package: babel 2022/01/26 3.70 The Babel package
\babel@savecnt=\count193
\U@D=\dimen139
\l@unhyphenated=\language87

(/usr/share/texlive/texmf-dist/tex/generic/babel/txtbabel.def)
\bbl@readstream=\read2
\bbl@dirlevel=\count194

(/usr/share/texlive/texmf-dist/tex/generic/babel-slovenian/slovene.ldf
Language: slovene 2021/02/06 v1.2n Slovene support from the babel system
Package babel Info: Making " an active character on input line 79.
))
(/usr/share/texlive/texmf-dist/tex/latex/graphics/graphicx.sty
Package: graphicx 2021/09/16 v1.2d Enhanced LaTeX Graphics (DPC,SPQR)

(/usr/share/texlive/texmf-dist/tex/latex/graphics/keyval.sty
Package: keyval 2014/10/28 v1.15 key=value parser (DPC)
\KV@toks@=\toks16
)
(/usr/share/texlive/texmf-dist/tex/latex/graphics/graphics.sty
Package: graphics 2021/03/04 v1.4d Standard LaTeX Graphics (DPC,SPQR)

(/usr/share/texlive/texmf-dist/tex/latex/graphics/trig.sty
Package: trig 2021/08/11 v1.11 sin cos tan (DPC)
)
(/usr/share/texlive/texmf-dist/tex/latex/graphics-cfg/graphics.cfg
File: graphics.cfg 2016/06/04 v1.11 sample graphics configuration
)
Package graphics Info: Driver file: pdftex.def on input line 107.

(/usr/share/texlive/texmf-dist/tex/latex/graphics-def/pdftex.def
File: pdftex.def 2020/10/05 v1.2a Graphics/color driver for pdftex
))
\Gin@req@height=\dimen140
\Gin@req@width=\dimen141
)
(/usr/share/texlive/texmf-dist/tex/latex/mathtools/mathtools.sty
Package: mathtools 2021/02/02 v1.28 mathematical typesetting tools

(/usr/share/texlive/texmf-dist/tex/latex/tools/calc.sty
Package: calc 2017/05/25 v4.3 Infix arithmetic (KKT,FJ)
\calc@Acount=\count195
\calc@Bcount=\count196
\calc@Adimen=\dimen142
\calc@Bdimen=\dimen143
\calc@Askip=\skip49
\calc@Bskip=\skip50
LaTeX Info: Redefining \setlength on input line 80.
LaTeX Info: Redefining \addtolength on input line 81.
\calc@Ccount=\count197
\calc@Cskip=\skip51
)
(/usr/share/texlive/texmf-dist/tex/latex/mathtools/mhsetup.sty
Package: mhsetup 2021/03/18 v1.4 programming setup (MH)
)
(/usr/share/texlive/texmf-dist/tex/latex/amsmath/amsmath.sty
Package: amsmath 2021/10/15 v2.17l AMS math features
\@mathmargin=\skip52

For additional information on amsmath, use the `?' option.
(/usr/share/texlive/texmf-dist/tex/latex/amsmath/amstext.sty
Package: amstext 2021/08/26 v2.01 AMS text

(/usr/share/texlive/texmf-dist/tex/latex/amsmath/amsgen.sty
File: amsgen.sty 1999/11/30 v2.0 generic functions
\@emptytoks=\toks17
\ex@=\dimen144
))
(/usr/share/texlive/texmf-dist/tex/latex/amsmath/amsbsy.sty
Package: amsbsy 1999/11/29 v1.2d Bold Symbols
\pmbraise@=\dimen145
)
(/usr/share/texlive/texmf-dist/tex/latex/amsmath/amsopn.sty
Package: amsopn 2021/08/26 v2.02 operator names
)
\inf@bad=\count198
LaTeX Info: Redefining \frac on input line 234.
\uproot@=\count199
\leftroot@=\count266
LaTeX Info: Redefining \overline on input line 399.
\classnum@=\count267
\DOTSCASE@=\count268
LaTeX Info: Redefining \ldots on input line 496.
LaTeX Info: Redefining \dots on input line 499.
LaTeX Info: Redefining \cdots on input line 620.
\Mathstrutbox@=\box50
\strutbox@=\box51
\big@size=\dimen146
LaTeX Font Info:    Redeclaring font encoding OML on input line 743.
LaTeX Font Info:    Redeclaring font encoding OMS on input line 744.
\macc@depth=\count269
\c@MaxMatrixCols=\count270
\dotsspace@=\muskip16
\c@parentequation=\count271
\dspbrk@lvl=\count272
\tag@help=\toks18
\row@=\count273
\column@=\count274
\maxfields@=\count275
\andhelp@=\toks19
\eqnshift@=\dimen147
\alignsep@=\dimen148
\tagshift@=\dimen149
\tagwidth@=\dimen150
\totwidth@=\dimen151
\lineht@=\dimen152
\@envbody=\toks20
\multlinegap=\skip53
\multlinetaggap=\skip54
\mathdisplay@stack=\toks21
LaTeX Info: Redefining \[ on input line 2938.
LaTeX Info: Redefining \] on input line 2939.
)
\g_MT_multlinerow_int=\count276
\l_MT_multwidth_dim=\dimen153
\origjot=\skip55
\l_MT_shortvdotswithinadjustabove_dim=\dimen154
\l_MT_shortvdotswithinadjustbelow_dim=\dimen155
\l_MT_above_intertext_sep=\dimen156
\l_MT_below_intertext_sep=\dimen157
\l_MT_above_shortintertext_sep=\dimen158
\l_MT_below_shortintertext_sep=\dimen159
\xmathstrut@box=\box52
\xmathstrut@dim=\dimen160
)
(/usr/share/texlive/texmf-dist/tex/latex/float/float.sty
Package: float 2001/11/08 v1.3d Float enhancements (AL)
\c@float@type=\count277
\float@exts=\toks22
\float@box=\box53
\@float@everytoks=\toks23
\@floatcapt=\box54
)
(/usr/share/texlive/texmf-dist/tex/latex/url/url.sty
\Urlmuskip=\muskip17
Package: url 2013/09/16  ver 3.4  Verb mode for urls, etc.
)
(/usr/share/texlive/texmf-dist/tex/latex/l3backend/l3backend-pdftex.def
File: l3backend-pdftex.def 2022-01-12 L3 backend support: PDF output (pdfTeX)
\l__color_backend_stack_int=\count278
\l__pdf_internal_box=\box55
)
(./precesija_Lune.aux)
\openout1 = `precesija_Lune.aux'.

LaTeX Font Info:    Checking defaults for OML/cmm/m/it on input line 17.
LaTeX Font Info:    ... okay on input line 17.
LaTeX Font Info:    Checking defaults for OMS/cmsy/m/n on input line 17.
LaTeX Font Info:    ... okay on input line 17.
LaTeX Font Info:    Checking defaults for OT1/cmr/m/n on input line 17.
LaTeX Font Info:    ... okay on input line 17.
LaTeX Font Info:    Checking defaults for T1/cmr/m/n on input line 17.
LaTeX Font Info:    ... okay on input line 17.
LaTeX Font Info:    Checking defaults for TS1/cmr/m/n on input line 17.
LaTeX Font Info:    ... okay on input line 17.
LaTeX Font Info:    Checking defaults for OMX/cmex/m/n on input line 17.
LaTeX Font Info:    ... okay on input line 17.
LaTeX Font Info:    Checking defaults for U/cmr/m/n on input line 17.
LaTeX Font Info:    ... okay on input line 17.

(/usr/share/texlive/texmf-dist/tex/context/base/mkii/supp-pdf.mkii
[Loading MPS to PDF converter (version 2006.09.02).]
\scratchcounter=\count279
\scratchdimen=\dimen161
\scratchbox=\box56
\nofMPsegments=\count280
\nofMParguments=\count281
\everyMPshowfont=\toks24
\MPscratchCnt=\count282
\MPscratchDim=\dimen162
\MPnumerator=\count283
\makeMPintoPDFobject=\count284
\everyMPtoPDFconversion=\toks25
) (/usr/share/texlive/texmf-dist/tex/latex/epstopdf-pkg/epstopdf-base.sty
Package: epstopdf-base 2020-01-24 v2.11 Base part for package epstopdf
Package epstopdf-base Info: Redefining graphics rule for `.eps' on input line 4
85.

(/usr/share/texlive/texmf-dist/tex/latex/latexconfig/epstopdf-sys.cfg
File: epstopdf-sys.cfg 2010/07/13 v1.3 Configuration of (r)epstopdf for TeX Liv
e
))
[1

{/var/lib/texmf/fonts/map/pdftex/updmap/pdftex.map}] (./precesija_Lune.toc)
\tf@toc=\write3
\openout3 = `precesija_Lune.toc'.


[1]
Overfull \hbox (60.88783pt too wide) in paragraph at lines 39--59
[][] 
 []

[2] [3]

LaTeX Warning: Command \textthreesuperior invalid in math mode on input line 70
.


LaTeX Warning: Command \textthreesuperior invalid in math mode on input line 70
.

Missing character: There is no ³ in font cmr12!

LaTeX Warning: Command \textthreesuperior invalid in math mode on input line 82
.


LaTeX Warning: Command \textthreesuperior invalid in math mode on input line 82
.

Missing character: There is no ³ in font cmr12!

Underfull \hbox (badness 10000) in paragraph at lines 88--90

 []

[4] [5]
<Slike/Orbita_Lune_vseStrani.png, id=33, 693.792pt x 519.6213pt>
File: Slike/Orbita_Lune_vseStrani.png Graphic file (type png)
<use Slike/Orbita_Lune_vseStrani.png>
Package pdftex.def Info: Slike/Orbita_Lune_vseStrani.png  used on input line 15
1.
(pdftex.def)             Requested size: 450.95946pt x 337.74983pt.

Overfull \hbox (60.95946pt too wide) in paragraph at lines 151--152
 [] 
 []

[6]
<Slike/Orbita_Lune_YZravnina.png, id=40, 693.792pt x 519.6213pt>
File: Slike/Orbita_Lune_YZravnina.png Graphic file (type png)
<use Slike/Orbita_Lune_YZravnina.png>
Package pdftex.def Info: Slike/Orbita_Lune_YZravnina.png  used on input line 15
9.
(pdftex.def)             Requested size: 450.95946pt x 337.74983pt.

Overfull \hbox (60.95946pt too wide) in paragraph at lines 159--160
 [] 
 []

[7 <./Slike/Orbita_Lune_vseStrani.png>]
<Slike/Orbita_Lune_XYravnina.png, id=46, 693.792pt x 519.6213pt>
File: Slike/Orbita_Lune_XYravnina.png Graphic file (type png)
<use Slike/Orbita_Lune_XYravnina.png>
Package pdftex.def Info: Slike/Orbita_Lune_XYravnina.png  used on input line 16
8.
(pdftex.def)             Requested size: 416.27841pt x 311.77518pt.

Overfull \hbox (26.27841pt too wide) in paragraph at lines 168--169
 [] 
 []

[8 <./Slike/Orbita_Lune_YZravnina.png>]
<Slike/inklinacija_kot_t.png, id=51, 693.792pt x 519.6213pt>
File: Slike/inklinacija_kot_t.png Graphic file (type png)
<use Slike/inklinacija_kot_t.png>
Package pdftex.def Info: Slike/inklinacija_kot_t.png  used on input line 179.
(pdftex.def)             Requested size: 416.27841pt x 311.77518pt.

Overfull \hbox (26.27841pt too wide) in paragraph at lines 179--180
 [] 
 []

[9 <./Slike/Orbita_Lune_XYravnina.png>]
<Slike/inklinacija_kot_t_fitted.png, id=56, 693.792pt x 519.6213pt>
File: Slike/inklinacija_kot_t_fitted.png Graphic file (type png)
<use Slike/inklinacija_kot_t_fitted.png>
Package pdftex.def Info: Slike/inklinacija_kot_t_fitted.png  used on input line
 189.
(pdftex.def)             Requested size: 416.27841pt x 311.77518pt.

Overfull \hbox (26.27841pt too wide) in paragraph at lines 189--190
 [] 
 []

[10 <./Slike/inklinacija_kot_t.png>]
<Slike/smer_glavne_polosi.png, id=62, 693.792pt x 519.6213pt>
File: Slike/smer_glavne_polosi.png Graphic file (type png)
<use Slike/smer_glavne_polosi.png>
Package pdftex.def Info: Slike/smer_glavne_polosi.png  used on input line 209.
(pdftex.def)             Requested size: 416.27841pt x 311.77518pt.

Overfull \hbox (26.27841pt too wide) in paragraph at lines 209--210
 [] 
 []

[11 <./Slike/inklinacija_kot_t_fitted.png>]
<Slike/smer_glavne_polosi_fitted.png, id=67, 693.792pt x 519.6213pt>
File: Slike/smer_glavne_polosi_fitted.png Graphic file (type png)
<use Slike/smer_glavne_polosi_fitted.png>
Package pdftex.def Info: Slike/smer_glavne_polosi_fitted.png  used on input lin
e 219.
(pdftex.def)             Requested size: 416.27841pt x 311.77518pt.

Overfull \hbox (26.27841pt too wide) in paragraph at lines 219--220
 [] 
 []

[12 <./Slike/smer_glavne_polosi.png>]
<Slike/obratna_smer_x_t.png, id=73, 693.792pt x 519.6213pt>
File: Slike/obratna_smer_x_t.png Graphic file (type png)
<use Slike/obratna_smer_x_t.png>
Package pdftex.def Info: Slike/obratna_smer_x_t.png  used on input line 230.
(pdftex.def)             Requested size: 416.27841pt x 311.77518pt.

Overfull \hbox (26.27841pt too wide) in paragraph at lines 230--231
 [] 
 []

[13 <./Slike/smer_glavne_polosi_fitted.png>] [14 <./Slike/obratna_smer_x_t.png>
]
Underfull \hbox (badness 3281) in paragraph at lines 241--242
[]\OT1/cmr/m/n/12 D. Sven^^Tsek, Za-klju^^Tcna na-loga 2023/24. $\OT1/cmtt/m/n/
12 https : / / predmeti . fmf .
 []


Underfull \hbox (badness 10000) in paragraph at lines 241--242
\OT1/cmtt/m/n/12 uni-[]lj . si / racorodja ? action = AttachFile & do = get & t
arget = 08 _
 []


Underfull \hbox (badness 10000) in paragraph at lines 242--243
[]\OT1/cmr/m/n/12 Moon Fact Sheet. $\OT1/cmtt/m/n/12 https : / / nssdc . gsfc .
 nasa . gov / planetary /
 []


Underfull \hbox (badness 10000) in paragraph at lines 243--244
[]\OT1/cmr/m/n/12 Earth Fact Sheet. $\OT1/cmtt/m/n/12 https : / / nssdc . gsfc 
. nasa . gov / planetary /
 []


Underfull \hbox (badness 10000) in paragraph at lines 245--246
[]\OT1/cmr/m/n/12 Lunar Pre-ces-sion. $\OT1/cmtt/m/n/12 https : / / en . wikipe
dia . org / wiki / Lunar _
 []

[15] (./precesija_Lune.aux) ) 
Here is how much of TeX's memory you used:
 3842 strings out of 478287
 64110 string characters out of 5849289
 384863 words of memory out of 5000000
 22010 multiletter control sequences out of 15000+600000
 476399 words of font info for 53 fonts, out of 8000000 for 9000
 1141 hyphenation exceptions out of 8191
 68i,22n,76p,1183b,309s stack positions out of 5000i,500n,10000p,200000b,80000s
{/usr/share/texmf/fonts/enc/dvips/cm-super/cm-supe
r-ts1.enc}</usr/share/texlive/texmf-dist/fonts/type1/public/amsfonts/cm/cmbx12.
pfb></usr/share/texlive/texmf-dist/fonts/type1/public/amsfonts/cm/cmex10.pfb></
usr/share/texlive/texmf-dist/fonts/type1/public/amsfonts/cm/cmmi10.pfb></usr/sh
are/texlive/texmf-dist/fonts/type1/public/amsfonts/cm/cmmi12.pfb></usr/share/te
xlive/texmf-dist/fonts/type1/public/amsfonts/cm/cmmi7.pfb></usr/share/texlive/t
exmf-dist/fonts/type1/public/amsfonts/cm/cmmi8.pfb></usr/share/texlive/texmf-di
st/fonts/type1/public/amsfonts/cm/cmr10.pfb></usr/share/texlive/texmf-dist/font
s/type1/public/amsfonts/cm/cmr12.pfb></usr/share/texlive/texmf-dist/fonts/type1
/public/amsfonts/cm/cmr17.pfb></usr/share/texlive/texmf-dist/fonts/type1/public
/amsfonts/cm/cmr7.pfb></usr/share/texlive/texmf-dist/fonts/type1/public/amsfont
s/cm/cmr8.pfb></usr/share/texlive/texmf-dist/fonts/type1/public/amsfonts/cm/cms
y10.pfb></usr/share/texlive/texmf-dist/fonts/type1/public/amsfonts/cm/cmsy8.pfb
></usr/share/texlive/texmf-dist/fonts/type1/public/amsfonts/cm/cmtt12.pfb></usr
/share/texmf/fonts/type1/public/cm-super/sfrm1200.pfb></usr/share/texmf/fonts/t
ype1/public/cm-super/sfrm1440.pfb>
Output written on precesija_Lune.pdf (16 pages, 717615 bytes).
PDF statistics:
 154 PDF objects out of 1000 (max. 8388607)
 87 compressed objects within 1 object stream
 0 named destinations out of 1000 (max. 500000)
 41 words of extra memory for PDF output out of 10000 (max. 10000000)

